Base path: C:/Program Files/Unity/Editor/Data
Cmd: initializeCompiler
Cmd: compileComputeKernel
  api=4 insize=13827 outsize=32173 ok=1
Cmd: compileComputeKernel
  api=4 insize=13827 outsize=67889 ok=1
Cmd: compileComputeKernel
  api=4 insize=13827 outsize=41657 ok=1
Cmd: compileComputeKernel
  api=4 insize=13827 outsize=69609 ok=1
Cmd: compileComputeKernel
  api=4 insize=27333 outsize=15341 ok=1
Cmd: compileComputeKernel
  api=4 insize=19561 outsize=14889 ok=1
Cmd: compileComputeKernel
  api=4 insize=37259 outsize=44621 ok=1
Cmd: compileComputeKernel
  api=4 insize=8512 outsize=2945 ok=1
Cmd: compileComputeKernel
  api=4 insize=17177 outsize=5113 ok=1
Cmd: compileComputeKernel
  api=4 insize=17177 outsize=7397 ok=1
Cmd: compileComputeKernel
  api=4 insize=17177 outsize=9301 ok=1
Cmd: compileComputeKernel
  api=4 insize=17177 outsize=8773 ok=1
Cmd: compileComputeKernel
  api=4 insize=17177 outsize=9789 ok=1
Cmd: initializeCompiler

Quitting shader compiler process
