Base path: C:/Program Files/Unity/Editor/Data
Cmd: initializeCompiler
Cmd: compileComputeKernel
  api=4 insize=13827 outsize=28737 ok=1
Cmd: compileComputeKernel
  api=4 insize=13827 outsize=44177 ok=1
Cmd: compileComputeKernel
  api=4 insize=13827 outsize=31957 ok=1
Cmd: compileComputeKernel
  api=4 insize=13827 outsize=31081 ok=1
Cmd: compileComputeKernel
  api=4 insize=13827 outsize=59405 ok=1
Cmd: compileComputeKernel
  api=4 insize=13827 outsize=36093 ok=1
Cmd: compileComputeKernel
  api=4 insize=13827 outsize=44125 ok=1
Cmd: compileComputeKernel
  api=4 insize=20849 outsize=95033 ok=1
Cmd: compileComputeKernel
  api=4 insize=37259 outsize=33537 ok=1
Cmd: compileComputeKernel
  api=4 insize=3590 outsize=1685 ok=1
Cmd: compileComputeKernel
  api=4 insize=17177 outsize=5617 ok=1
Cmd: compileComputeKernel
  api=4 insize=17177 outsize=7321 ok=1
Cmd: compileComputeKernel
  api=4 insize=17177 outsize=8773 ok=1
Cmd: compileComputeKernel
  api=4 insize=17177 outsize=7765 ok=1
Cmd: compileComputeKernel
  api=4 insize=17177 outsize=9941 ok=1
Cmd: initializeCompiler

Quitting shader compiler process
